AmigoServiceKotlin/app/build/outputs/logs/manifest-merger-debug-report.txt
-- Merging decision tree log ---
manifest
ADDED from src/main/AndroidManifest.xml:2:1-117:12
INJECTED from src/main/AndroidManifest.xml:2:1-117:12
INJECTED from src/main/AndroidManifest.xml:2:1-117:12
INJECTED from src/main/AndroidManifest.xml:2:1-117:12
MERGED from [:base] AndroidManifest.xml:2:1-11:12
MERGED from [com.android.databinding:adapters:3.2.1] AndroidManifest.xml:17:1-24:12
MERGED from [com.android.databinding:library:3.2.1] AndroidManifest.xml:17:1-24:12
MERGED from [:amigo-app] AndroidManifest.xml:2:1-225:12
MERGED from [:sdk-news] AndroidManifest.xml:2:1-16:12
MERGED from [:sdk-book] AndroidManifest.xml:2:1-11:12
MERGED from [:sdk-game] AndroidManifest.xml:2:1-11:12
MERGED from [:sdk-adlibs] AndroidManifest.xml:2:1-272:12
MERGED from [:amigo-base] AndroidManifest.xml:2:1-11:12
MERGED from [com.android.support.constraint:constraint-layout:1.1.3] AndroidManifest.xml:2:1-11:12
MERGED from [android.arch.lifecycle:extensions:1.1.1] AndroidManifest.xml:17:1-30:12
MERGED from [com.android.support:design:28.0.0] AndroidManifest.xml:17:1-24:12
MERGED from [com.android.support:appcompat-v7:28.0.0] AndroidManifest.xml:17:1-22:12
MERGED from [com.android.support:recyclerview-v7:28.0.0] AndroidManifest.xml:17:1-22:12
MERGED from [com.android.support:animated-vector-drawable:28.0.0] AndroidManifest.xml:17:1-22:12
MERGED from [com.android.support:support-vector-drawable:28.0.0] AndroidManifest.xml:17:1-22:12
MERGED from [com.github.bumptech.glide:okhttp3-integration:4.7.1] AndroidManifest.xml:2:1-16:12
MERGED from [com.github.bumptech.glide:glide:4.7.1] AndroidManifest.xml:2:1-13:12
MERGED from [com.android.support:support-v13:28.0.0] AndroidManifest.xml:17:1-22:12
MERGED from [com.google.android.gms:play-services-ads:17.2.0] AndroidManifest.xml:17:1-25:12
MERGED from [com.google.android.gms:play-services-ads-identifier:16.0.0] AndroidManifest.xml:17:1-24:12
MERGED from [com.google.android.gms:play-services-ads-lite:17.2.0] AndroidManifest.xml:17:1-42:12
MERGED from [com.google.android.gms:play-services-gass:17.2.0] AndroidManifest.xml:2:1-9:12
MERGED from [com.google.android.gms:play-services-measurement-sdk-api:16.3.0] AndroidManifest.xml:17:1-30:12
MERGED from [com.google.android.gms:play-services-measurement-base:16.3.0] AndroidManifest.xml:2:1-9:12
MERGED from [com.google.android.gms:play-services-basement:16.0.1] AndroidManifest.xml:17:1-28:12
MERGED from [com.android.support:support-v4:28.0.0] AndroidManifest.xml:17:1-22:12
MERGED from [com.android.support:support-fragment:28.0.0] AndroidManifest.xml:17:1-22:12
MERGED from [com.android.support:support-core-ui:28.0.0] AndroidManifest.xml:17:1-22:12
MERGED from [com.android.support:transition:28.0.0] AndroidManifest.xml:17:1-22:12
MERGED from [com.android.support:customtabs:26.1.0] AndroidManifest.xml:17:1-28:12
MERGED from [com.android.support:viewpager:28.0.0] AndroidManifest.xml:17:1-22:12
MERGED from [com.android.support:coordinatorlayout:28.0.0] AndroidManifest.xml:17:1-22:12
MERGED from [com.android.support:drawerlayout:28.0.0] AndroidManifest.xml:17:1-22:12
MERGED from [com.android.support:slidingpanelayout:28.0.0] AndroidManifest.xml:17:1-22:12
MERGED from [com.android.support:customview:28.0.0] AndroidManifest.xml:17:1-22:12
MERGED from [com.android.support:swiperefreshlayout:28.0.0] AndroidManifest.xml:17:1-22:12
MERGED from [com.android.support:asynclayoutinflater:28.0.0] AndroidManifest.xml:17:1-22:12
MERGED from [com.jakewharton:butterknife:9.0.0-SNAPSHOT] AndroidManifest.xml:2:1-7:12
MERGED from [com.jakewharton:butterknife-runtime:9.0.0-SNAPSHOT] AndroidManifest.xml:2:1-7:12
MERGED from [android.arch.persistence.room:rxjava2:1.1.1] AndroidManifest.xml:17:1-22:12
MERGED from [android.arch.persistence.room:runtime:1.1.1] AndroidManifest.xml:17:1-22:12
MERGED from [com.android.support:support-core-utils:28.0.0] AndroidManifest.xml:17:1-22:12
MERGED from [com.android.support:loader:28.0.0] AndroidManifest.xml:17:1-22:12
MERGED from [com.android.support:support-media-compat:28.0.0] AndroidManifest.xml:17:1-22:12
MERGED from [com.android.support:support-compat:28.0.0] AndroidManifest.xml:17:1-24:12
MERGED from [android.arch.lifecycle:runtime:1.1.1] AndroidManifest.xml:17:1-22:12
MERGED from [com.hwangjr.rxbus:rxbus:2.0.0] AndroidManifest.xml:2:1-14:12
MERGED from [io.reactivex.rxjava2:rxandroid:2.1.1] AndroidManifest.xml:15:1-20:12
MERGED from [:amigolib-RA_V7.3.0.20:] AndroidManifest.xml:2:1-10:12
MERGED from [:YouJu-3.0.3.d:] AndroidManifest.xml:2:1-11:12
MERGED from [:dl_infostream_sdk_1.2.5:] AndroidManifest.xml:2:1-11:12
MERGED from [org.litepal.android:java:3.0.0] AndroidManifest.xml:2:1-14:12
MERGED from [com.liulishuo.filedownloader:library:1.7.3] AndroidManifest.xml:2:1-18:12
MERGED from [:feedlib_1.4.7:] AndroidManifest.xml:2:1-130:12
MERGED from [:Zhipu_Static_duplicate:] AndroidManifest.xml:2:1-11:12
MERGED from [:bookslib:] AndroidManifest.xml:2:1-96:12
MERGED from [com.xhb:xbanner:1.3.1] AndroidManifest.xml:2:1-15:12
MERGED from [:cmgame-sdk-sigmob2112-1.1.4:] AndroidManifest.xml:2:1-61:12
MERGED from [:Baidu_MobAds_SDK-release-2019-05-05:] AndroidManifest.xml:2:1-20:12
MERGED from [:mintegral-plugin-v9.10.0-release:] AndroidManifest.xml:2:1-67:12
MERGED from [:tt-open_ad_sdk:] AndroidManifest.xml:2:1-86:12
MERGED from [:mobgiads-v4.6.0-alliance-release:] AndroidManifest.xml:2:1-71:12
MERGED from [:tt-android-gif-drawable-1.2.6:] AndroidManifest.xml:2:1-11:12
MERGED from [:oneway-plugin-v2.1.3-release:] AndroidManifest.xml:2:1-45:12
MERGED from [:openscreen_sdk:] AndroidManifest.xml:2:1-87:12
MERGED from [android.arch.lifecycle:livedata:1.1.1] AndroidManifest.xml:17:1-22:12
MERGED from [android.arch.lifecycle:livedata-core:1.1.1] AndroidManifest.xml:17:1-22:12
MERGED from [android.arch.core:runtime:1.1.1] AndroidManifest.xml:17:1-22:12
MERGED from [android.arch.lifecycle:viewmodel:1.1.1] AndroidManifest.xml:17:1-22:12
MERGED from [com.android.support:versionedparcelable:28.0.0] AndroidManifest.xml:17:1-25:12
MERGED from [com.android.support:cursoradapter:28.0.0] AndroidManifest.xml:17:1-22:12
MERGED from [com.android.support:cardview-v7:28.0.0] AndroidManifest.xml:17:1-22:12
MERGED from [android.arch.persistence:db-framework:1.1.1] AndroidManifest.xml:17:1-22:12
MERGED from [android.arch.persistence:db:1.1.1] AndroidManifest.xml:17:1-22:12
MERGED from [com.github.bumptech.glide:gifdecoder:4.7.1] AndroidManifest.xml:2:1-11:12
MERGED from [com.android.support:interpolator:28.0.0] AndroidManifest.xml:17:1-22:12
MERGED from [com.android.support:documentfile:28.0.0] AndroidManifest.xml:17:1-22:12
MERGED from [com.android.support:localbroadcastmanager:28.0.0] AndroidManifest.xml:17:1-22:12
MERGED from [com.android.support:print:28.0.0] AndroidManifest.xml:17:1-22:12
MERGED from [:amigo-account] AndroidManifest.xml:2:1-11:12
MERGED from [com.android.support:multidex:1.0.3] AndroidManifest.xml:17:1-22:12
MERGED from [cn.bingoogolapple:bga-banner:2.2.6] AndroidManifest.xml:2:1-9:12
MERGED from [com.zqc.opencc.android.lib:lib-opencc-android:0.8.0] AndroidManifest.xml:2:1-11:12
MERGED from [com.github.huburt-Hu:NewbieGuide:v2.4.0] AndroidManifest.xml:2:1-11:12
MERGED from [org.litepal.android:core:3.0.0] AndroidManifest.xml:2:1-14:12
MERGED from [com.google.android.gms:play-services-ads-base:17.2.0] AndroidManifest.xml:2:1-9:12
MERGED from [com.jakewharton.timber:timber:4.5.1] AndroidManifest.xml:2:1-10:12
INJECTED from src/main/AndroidManifest.xml:2:1-117:12
INJECTED from src/main/AndroidManifest.xml:2:1-117:12
INJECTED from src/main/AndroidManifest.xml:2:1-117:12
	package
		ADDED from src/main/AndroidManifest.xml:4:11-41
		INJECTED from src/main/AndroidManifest.xml
		INJECTED from src/main/AndroidManifest.xml
	android:versionName
		INJECTED from src/main/AndroidManifest.xml
		ADDED from src/main/AndroidManifest.xml:2:1-117:12
		INJECTED from src/main/AndroidManifest.xml
	xmlns:tools
		ADDED from src/main/AndroidManifest.xml:3:11-57
	android:versionCode
		INJECTED from src/main/AndroidManifest.xml
		ADDED from src/main/AndroidManifest.xml:2:1-117:12
		INJECTED from src/main/AndroidManifest.xml
	xmlns:android
		ADDED from src/main/AndroidManifest.xml:2:11-69
	tools:ignore
		ADDED from src/main/AndroidManifest.xml:5:11-50
uses-permission#android.permission.INTERNET
ADDED from src/main/AndroidManifest.xml:7:5-66
MERGED from [:amigo-app] AndroidManifest.xml:22:5-67
MERGED from [:amigo-app] AndroidManifest.xml:22:5-67
MERGED from [:sdk-adlibs] AndroidManifest.xml:13:5-67
MERGED from [:sdk-adlibs] AndroidManifest.xml:13:5-67
MERGED from [com.google.android.gms:play-services-ads-lite:17.2.0] AndroidManifest.xml:23:5-67
MERGED from [com.google.android.gms:play-services-ads-lite:17.2.0] AndroidManifest.xml:23:5-67
MERGED from [com.google.android.gms:play-services-measurement-sdk-api:16.3.0] AndroidManifest.xml:23:5-67
MERGED from [com.google.android.gms:play-services-measurement-sdk-api:16.3.0] AndroidManifest.xml:23:5-67
MERGED from [:feedlib_1.4.7:] AndroidManifest.xml:10:5-67
MERGED from [:feedlib_1.4.7:] AndroidManifest.xml:10:5-67
MERGED from [:bookslib:] AndroidManifest.xml:11:5-67
MERGED from [:bookslib:] AndroidManifest.xml:11:5-67
MERGED from [:cmgame-sdk-sigmob2112-1.1.4:] AndroidManifest.xml:10:5-67
MERGED from [:cmgame-sdk-sigmob2112-1.1.4:] AndroidManifest.xml:10:5-67
MERGED from [:mintegral-plugin-v9.10.0-release:] AndroidManifest.xml:11:5-67
MERGED from [:mintegral-plugin-v9.10.0-release:] AndroidManifest.xml:11:5-67
MERGED from [:mobgiads-v4.6.0-alliance-release:] AndroidManifest.xml:12:5-67
MERGED from [:mobgiads-v4.6.0-alliance-release:] AndroidManifest.xml:12:5-67
MERGED from [:oneway-plugin-v2.1.3-release:] AndroidManifest.xml:12:5-67
MERGED from [:oneway-plugin-v2.1.3-release:] AndroidManifest.xml:12:5-67
MERGED from [:openscreen_sdk:] AndroidManifest.xml:12:5-67
MERGED from [:openscreen_sdk:] AndroidManifest.xml:12:5-67
	android:name
		ADDED from src/main/AndroidManifest.xml:7:22-64
uses-permission#android.permission.WRITE_EXTERNAL_STORAGE
ADDED from src/main/AndroidManifest.xml:8:5-80
MERGED from [:amigo-app] AndroidManifest.xml:26:5-81
MERGED from [:amigo-app] AndroidManifest.xml:26:5-81
MERGED from [:sdk-adlibs] AndroidManifest.xml:16:5-81
MERGED from [:sdk-adlibs] AndroidManifest.xml:16:5-81
MERGED from [:feedlib_1.4.7:] AndroidManifest.xml:13:5-81
MERGED from [:feedlib_1.4.7:] AndroidManifest.xml:13:5-81
MERGED from [:bookslib:] AndroidManifest.xml:12:5-81
MERGED from [:bookslib:] AndroidManifest.xml:12:5-81
MERGED from [:cmgame-sdk-sigmob2112-1.1.4:] AndroidManifest.xml:13:5-81
MERGED from [:cmgame-sdk-sigmob2112-1.1.4:] AndroidManifest.xml:13:5-81
MERGED from [:mintegral-plugin-v9.10.0-release:] AndroidManifest.xml:12:5-81
MERGED from [:mintegral-plugin-v9.10.0-release:] AndroidManifest.xml:12:5-81
MERGED from [:tt-open_ad_sdk:] AndroidManifest.xml:13:5-81
MERGED from [:tt-open_ad_sdk:] AndroidManifest.xml:13:5-81
MERGED from [:mobgiads-v4.6.0-alliance-release:] AndroidManifest.xml:18:5-81
MERGED from [:mobgiads-v4.6.0-alliance-release:] AndroidManifest.xml:18:5-81
MERGED from [:oneway-plugin-v2.1.3-release:] AndroidManifest.xml:15:5-81
MERGED from [:oneway-plugin-v2.1.3-release:] AndroidManifest.xml:15:5-81
MERGED from [:openscreen_sdk:] AndroidManifest.xml:15:5-81
MERGED from [:openscreen_sdk:] AndroidManifest.xml:15:5-81
	android:name
		ADDED from src/main/AndroidManifest.xml:8:22-78
uses-permission#android.permission.READ_EXTERNAL_STORAGE
ADDED from src/main/AndroidManifest.xml:9:5-79
MERGED from [:sdk-adlibs] AndroidManifest.xml:15:5-80
MERGED from [:sdk-adlibs] AndroidManifest.xml:15:5-80
MERGED from [:tt-open_ad_sdk:] AndroidManifest.xml:15:5-88
MERGED from [:mobgiads-v4.6.0-alliance-release:] AndroidManifest.xml:17:5-80
MERGED from [:mobgiads-v4.6.0-alliance-release:] AndroidManifest.xml:17:5-80
MERGED from [:openscreen_sdk:] AndroidManifest.xml:14:5-80
MERGED from [:openscreen_sdk:] AndroidManifest.xml:14:5-80
	android:name
		ADDED from src/main/AndroidManifest.xml:9:22-77
uses-permission#android.permission.READ_CALENDAR
ADDED from src/main/AndroidManifest.xml:10:5-71
	android:name
		ADDED from src/main/AndroidManifest.xml:10:22-69
uses-permission#android.permission.READ_PHONE_STATE
ADDED from src/main/AndroidManifest.xml:11:5-74
MERGED from [:amigo-app] AndroidManifest.xml:17:5-75
MERGED from [:amigo-app] AndroidManifest.xml:17:5-75
MERGED from [:sdk-adlibs] AndroidManifest.xml:14:5-75
MERGED from [:sdk-adlibs] AndroidManifest.xml:14:5-75
MERGED from [:bookslib:] AndroidManifest.xml:15:5-75
MERGED from [:bookslib:] AndroidManifest.xml:15:5-75
MERGED from [:cmgame-sdk-sigmob2112-1.1.4:] AndroidManifest.xml:11:5-75
MERGED from [:cmgame-sdk-sigmob2112-1.1.4:] AndroidManifest.xml:11:5-75
MERGED from [:mintegral-plugin-v9.10.0-release:] AndroidManifest.xml:16:5-75
MERGED from [:mintegral-plugin-v9.10.0-release:] AndroidManifest.xml:16:5-75
MERGED from [:mobgiads-v4.6.0-alliance-release:] AndroidManifest.xml:14:5-75
MERGED from [:mobgiads-v4.6.0-alliance-release:] AndroidManifest.xml:14:5-75
MERGED from [:oneway-plugin-v2.1.3-release:] AndroidManifest.xml:14:5-75
MERGED from [:oneway-plugin-v2.1.3-release:] AndroidManifest.xml:14:5-75
MERGED from [:openscreen_sdk:] AndroidManifest.xml:13:5-75
MERGED from [:openscreen_sdk:] AndroidManifest.xml:13:5-75
	android:name
		ADDED from src/main/AndroidManifest.xml:11:22-72
uses-permission#android.permission.ACCESS_NETWORK_STATE
ADDED from src/main/AndroidManifest.xml:12:5-78
MERGED from [:amigo-app] AndroidManifest.xml:16:5-79
MERGED from [:amigo-app] AndroidManifest.xml:16:5-79
MERGED from [:sdk-adlibs] AndroidManifest.xml:18:5-79
MERGED from [:sdk-adlibs] AndroidManifest.xml:18:5-79
MERGED from [com.google.android.gms:play-services-ads-lite:17.2.0] AndroidManifest.xml:24:5-79
MERGED from [com.google.android.gms:play-services-ads-lite:17.2.0] AndroidManifest.xml:24:5-79
MERGED from [com.google.android.gms:play-services-measurement-sdk-api:16.3.0] AndroidManifest.xml:24:5-79
MERGED from [com.google.android.gms:play-services-measurement-sdk-api:16.3.0] AndroidManifest.xml:24:5-79
MERGED from [:feedlib_1.4.7:] AndroidManifest.xml:11:5-79
MERGED from [:feedlib_1.4.7:] AndroidManifest.xml:11:5-79
MERGED from [:bookslib:] AndroidManifest.xml:17:5-79
MERGED from [:bookslib:] AndroidManifest.xml:17:5-79
MERGED from [:cmgame-sdk-sigmob2112-1.1.4:] AndroidManifest.xml:12:5-79
MERGED from [:cmgame-sdk-sigmob2112-1.1.4:] AndroidManifest.xml:12:5-79
MERGED from [:mintegral-plugin-v9.10.0-release:] AndroidManifest.xml:13:5-79
MERGED from [:mintegral-plugin-v9.10.0-release:] AndroidManifest.xml:13:5-79
MERGED from [:tt-open_ad_sdk:] AndroidManifest.xml:12:5-79
MERGED from [:tt-open_ad_sdk:] AndroidManifest.xml:12:5-79
MERGED from [:mobgiads-v4.6.0-alliance-release:] AndroidManifest.xml:16:5-79
MERGED from [:mobgiads-v4.6.0-alliance-release:] AndroidManifest.xml:16:5-79
MERGED from [:oneway-plugin-v2.1.3-release:] AndroidManifest.xml:11:5-79
MERGED from [:oneway-plugin-v2.1.3-release:] AndroidManifest.xml:11:5-79
MERGED from [:openscreen_sdk:] AndroidManifest.xml:16:5-79
MERGED from [:openscreen_sdk:] AndroidManifest.xml:16:5-79
	android:name
		ADDED from src/main/AndroidManifest.xml:12:22-76
application
ADDED from src/main/AndroidManifest.xml:14:5-115:19
MERGED from [:amigo-app] AndroidManifest.xml:36:5-223:19
MERGED from [:amigo-app] AndroidManifest.xml:36:5-223:19
MERGED from [:sdk-news] AndroidManifest.xml:13:5-14:19
MERGED from [:sdk-news] AndroidManifest.xml:13:5-14:19
MERGED from [:sdk-adlibs] AndroidManifest.xml:36:5-270:19
MERGED from [:sdk-adlibs] AndroidManifest.xml:36:5-270:19
MERGED from [com.android.support.constraint:constraint-layout:1.1.3] AndroidManifest.xml:9:5-20
MERGED from [com.android.support.constraint:constraint-layout:1.1.3] AndroidManifest.xml:9:5-20
MERGED from [android.arch.lifecycle:extensions:1.1.1] AndroidManifest.xml:22:5-28:19
MERGED from [android.arch.lifecycle:extensions:1.1.1] AndroidManifest.xml:22:5-28:19
MERGED from [com.android.support:design:28.0.0] AndroidManifest.xml:22:5-20
MERGED from [com.android.support:design:28.0.0] AndroidManifest.xml:22:5-20
MERGED from [com.github.bumptech.glide:okhttp3-integration:4.7.1] AndroidManifest.xml:10:5-14:19
MERGED from [com.github.bumptech.glide:okhttp3-integration:4.7.1] AndroidManifest.xml:10:5-14:19
MERGED from [com.github.bumptech.glide:glide:4.7.1] AndroidManifest.xml:11:5-20
MERGED from [com.github.bumptech.glide:glide:4.7.1] AndroidManifest.xml:11:5-20
MERGED from [com.google.android.gms:play-services-ads-identifier:16.0.0] AndroidManifest.xml:22:5-20
MERGED from [com.google.android.gms:play-services-ads-identifier:16.0.0] AndroidManifest.xml:22:5-20
MERGED from [com.google.android.gms:play-services-ads-lite:17.2.0] AndroidManifest.xml:26:5-40:19
MERGED from [com.google.android.gms:play-services-ads-lite:17.2.0] AndroidManifest.xml:26:5-40:19
MERGED from [com.google.android.gms:play-services-gass:17.2.0] AndroidManifest.xml:7:5-20
MERGED from [com.google.android.gms:play-services-gass:17.2.0] AndroidManifest.xml:7:5-20
MERGED from [com.google.android.gms:play-services-measurement-sdk-api:16.3.0] AndroidManifest.xml:27:5-28:19
MERGED from [com.google.android.gms:play-services-measurement-sdk-api:16.3.0] AndroidManifest.xml:27:5-28:19
MERGED from [com.google.android.gms:play-services-measurement-base:16.3.0] AndroidManifest.xml:7:5-20
MERGED from [com.google.android.gms:play-services-measurement-base:16.3.0] AndroidManifest.xml:7:5-20
MERGED from [com.google.android.gms:play-services-basement:16.0.1] AndroidManifest.xml:22:5-26:19
MERGED from [com.google.android.gms:play-services-basement:16.0.1] AndroidManifest.xml:22:5-26:19
MERGED from [com.android.support:customtabs:26.1.0] AndroidManifest.xml:22:5-26:19
MERGED from [com.android.support:customtabs:26.1.0] AndroidManifest.xml:22:5-26:19
MERGED from [com.android.support:support-compat:28.0.0] AndroidManifest.xml:22:5-94
MERGED from [com.android.support:support-compat:28.0.0] AndroidManifest.xml:22:5-94
MERGED from [com.hwangjr.rxbus:rxbus:2.0.0] AndroidManifest.xml:9:5-12:19
MERGED from [com.hwangjr.rxbus:rxbus:2.0.0] AndroidManifest.xml:9:5-12:19
MERGED from [:amigolib-RA_V7.3.0.20:] AndroidManifest.xml:9:5-19
MERGED from [:amigolib-RA_V7.3.0.20:] AndroidManifest.xml:9:5-19
MERGED from [org.litepal.android:java:3.0.0] AndroidManifest.xml:11:5-12:19
MERGED from [org.litepal.android:java:3.0.0] AndroidManifest.xml:11:5-12:19
MERGED from [com.liulishuo.filedownloader:library:1.7.3] AndroidManifest.xml:11:5-16:19
MERGED from [com.liulishuo.filedownloader:library:1.7.3] AndroidManifest.xml:11:5-16:19
MERGED from [:feedlib_1.4.7:] AndroidManifest.xml:28:5-128:19
MERGED from [:feedlib_1.4.7:] AndroidManifest.xml:28:5-128:19
MERGED from [:bookslib:] AndroidManifest.xml:26:5-94:19
MERGED from [:bookslib:] AndroidManifest.xml:26:5-94:19
MERGED from [com.xhb:xbanner:1.3.1] AndroidManifest.xml:9:5-13:19
MERGED from [com.xhb:xbanner:1.3.1] AndroidManifest.xml:9:5-13:19
MERGED from [:cmgame-sdk-sigmob2112-1.1.4:] AndroidManifest.xml:23:5-59:19
MERGED from [:cmgame-sdk-sigmob2112-1.1.4:] AndroidManifest.xml:23:5-59:19
MERGED from [:Baidu_MobAds_SDK-release-2019-05-05:] AndroidManifest.xml:11:5-18:19
MERGED from [:Baidu_MobAds_SDK-release-2019-05-05:] AndroidManifest.xml:11:5-18:19
MERGED from [:mintegral-plugin-v9.10.0-release:] AndroidManifest.xml:18:5-65:19
MERGED from [:mintegral-plugin-v9.10.0-release:] AndroidManifest.xml:18:5-65:19
MERGED from [:tt-open_ad_sdk:] AndroidManifest.xml:17:5-84:19
MERGED from [:tt-open_ad_sdk:] AndroidManifest.xml:17:5-84:19
MERGED from [:mobgiads-v4.6.0-alliance-release:] AndroidManifest.xml:22:5-69:19
MERGED from [:mobgiads-v4.6.0-alliance-release:] AndroidManifest.xml:22:5-69:19
MERGED from [:oneway-plugin-v2.1.3-release:] AndroidManifest.xml:18:5-43:19
MERGED from [:oneway-plugin-v2.1.3-release:] AndroidManifest.xml:18:5-43:19
MERGED from [:openscreen_sdk:] AndroidManifest.xml:24:5-85:19
MERGED from [:openscreen_sdk:] AndroidManifest.xml:24:5-85:19
MERGED from [com.android.support:versionedparcelable:28.0.0] AndroidManifest.xml:22:5-23:19
MERGED from [com.android.support:versionedparcelable:28.0.0] AndroidManifest.xml:22:5-23:19
MERGED from [com.github.bumptech.glide:gifdecoder:4.7.1] AndroidManifest.xml:9:5-20
MERGED from [com.github.bumptech.glide:gifdecoder:4.7.1] AndroidManifest.xml:9:5-20
MERGED from [com.zqc.opencc.android.lib:lib-opencc-android:0.8.0] AndroidManifest.xml:9:5-20
MERGED from [com.zqc.opencc.android.lib:lib-opencc-android:0.8.0] AndroidManifest.xml:9:5-20
MERGED from [org.litepal.android:core:3.0.0] AndroidManifest.xml:11:5-12:19
MERGED from [org.litepal.android:core:3.0.0] AndroidManifest.xml:11:5-12:19
MERGED from [com.google.android.gms:play-services-ads-base:17.2.0] AndroidManifest.xml:7:5-20
MERGED from [com.google.android.gms:play-services-ads-base:17.2.0] AndroidManifest.xml:7:5-20
MERGED from [com.jakewharton.timber:timber:4.5.1] AndroidManifest.xml:8:5-20
MERGED from [com.jakewharton.timber:timber:4.5.1] AndroidManifest.xml:8:5-20
	android:appComponentFactory
		ADDED from [com.android.support:support-compat:28.0.0] AndroidManifest.xml:22:18-91
	android:supportsRtl
		ADDED from src/main/AndroidManifest.xml:20:13-39
	android:label
		ADDED from src/main/AndroidManifest.xml:18:13-51
		REJECTED from [com.xhb:xbanner:1.3.1] AndroidManifest.xml:11:9-41
		REJECTED from [:Baidu_MobAds_SDK-release-2019-05-05:] AndroidManifest.xml:11:18-50
		REJECTED from [:tt-open_ad_sdk:] AndroidManifest.xml:18:9-41
	android:allowClearUserData
		ADDED from [:sdk-adlibs] AndroidManifest.xml:38:9-42
	android:icon
		ADDED from src/main/AndroidManifest.xml:17:13-47
	android:allowBackup
		ADDED from src/main/AndroidManifest.xml:16:13-39
		REJECTED from [:sdk-adlibs] AndroidManifest.xml:37:9-36
		REJECTED from [com.hwangjr.rxbus:rxbus:2.0.0] AndroidManifest.xml:10:9-35
		REJECTED from [com.xhb:xbanner:1.3.1] AndroidManifest.xml:10:9-35
		REJECTED from [:mintegral-plugin-v9.10.0-release:] AndroidManifest.xml:19:9-36
		REJECTED from [:mobgiads-v4.6.0-alliance-release:] AndroidManifest.xml:23:9-36
	android:theme
		ADDED from src/main/AndroidManifest.xml:21:13-44
	android:networkSecurityConfig
		ADDED from src/main/AndroidManifest.xml:19:13-73
	tools:replace
		ADDED from src/main/AndroidManifest.xml:22:13-67
	android:usesCleartextTraffic
		ADDED from [:cmgame-sdk-sigmob2112-1.1.4:] AndroidManifest.xml:23:18-53
	android:name
		ADDED from src/main/AndroidManifest.xml:15:13-32
service#gionee.gnservice.app.service.LocalService
ADDED from src/main/AndroidManifest.xml:24:9-56
	android:name
		ADDED from src/main/AndroidManifest.xml:24:18-54
service#gionee.gnservice.app.service.RemoteService
ADDED from src/main/AndroidManifest.xml:26:9-28:44
	android:process
		ADDED from src/main/AndroidManifest.xml:28:17-42
	android:name
		ADDED from src/main/AndroidManifest.xml:27:17-54
uses-library#org.apache.http.legacy
ADDED from src/main/AndroidManifest.xml:30:9-32:43
MERGED from [:sdk-adlibs] AndroidManifest.xml:43:9-45:40
MERGED from [:sdk-adlibs] AndroidManifest.xml:43:9-45:40
MERGED from [:mintegral-plugin-v9.10.0-release:] AndroidManifest.xml:21:9-23:40
MERGED from [:mintegral-plugin-v9.10.0-release:] AndroidManifest.xml:21:9-23:40
MERGED from [:mobgiads-v4.6.0-alliance-release:] AndroidManifest.xml:28:9-30:40
MERGED from [:mobgiads-v4.6.0-alliance-release:] AndroidManifest.xml:28:9-30:40
	android:required
		ADDED from src/main/AndroidManifest.xml:32:17-41
	android:name
		ADDED from src/main/AndroidManifest.xml:31:17-54
meta-data#com.google.android.gms.ads.APPLICATION_ID
ADDED from src/main/AndroidManifest.xml:34:9-36:73
	android:value
		ADDED from src/main/AndroidManifest.xml:36:17-71
	android:name
		ADDED from src/main/AndroidManifest.xml:35:17-73
meta-data#YJ_APP_ID
ADDED from src/main/AndroidManifest.xml:37:9-39:51
MERGED from [:amigo-app] AndroidManifest.xml:40:9-42:48
MERGED from [:amigo-app] AndroidManifest.xml:40:9-42:48
	android:value
		ADDED from src/main/AndroidManifest.xml:39:17-49
	android:name
		ADDED from src/main/AndroidManifest.xml:38:17-41
meta-data#com.baidu.lbsapi.API_KEY
ADDED from src/main/AndroidManifest.xml:40:9-42:59
MERGED from [:amigo-app] AndroidManifest.xml:37:9-39:56
MERGED from [:amigo-app] AndroidManifest.xml:37:9-39:56
	android:value
		ADDED from src/main/AndroidManifest.xml:42:17-57
	android:name
		ADDED from src/main/AndroidManifest.xml:41:17-56
meta-data#FeedBack_AppId
ADDED from src/main/AndroidManifest.xml:43:9-45:67
MERGED from [:amigo-app] AndroidManifest.xml:43:9-45:64
MERGED from [:amigo-app] AndroidManifest.xml:43:9-45:64
	android:value
		ADDED from src/main/AndroidManifest.xml:45:17-65
	android:name
		ADDED from src/main/AndroidManifest.xml:44:17-46
activity#gionee.gnservice.app.view.activity.SplashActivity
ADDED from src/main/AndroidManifest.xml:47:9-69:20
	android:screenOrientation
		ADDED from src/main/AndroidManifest.xml:49:17-53
	android:theme
		ADDED from src/main/AndroidManifest.xml:50:17-52
	android:name
		ADDED from src/main/AndroidManifest.xml:48:17-61
intent-filter#action:name:android.intent.action.VIEW+category:name:android.intent.category.BROWSABLE+category:name:android.intent.category.DEFAULT+data:host:start+data:scheme:glucenter
ADDED from src/main/AndroidManifest.xml:51:13-63:29
data
ADDED from src/main/AndroidManifest.xml:54:17-56:53
	android:host
		ADDED from src/main/AndroidManifest.xml:55:25-45
	android:scheme
		ADDED from src/main/AndroidManifest.xml:56:25-51
category#android.intent.category.DEFAULT
ADDED from src/main/AndroidManifest.xml:58:17-75
	android:name
		ADDED from src/main/AndroidManifest.xml:58:27-73
action#android.intent.action.VIEW
ADDED from src/main/AndroidManifest.xml:60:17-68
	android:name
		ADDED from src/main/AndroidManifest.xml:60:25-66
category#android.intent.category.BROWSABLE
ADDED from src/main/AndroidManifest.xml:62:17-77
	android:name
		ADDED from src/main/AndroidManifest.xml:62:27-75
intent-filter#action:name:android.intent.action.MAIN+category:name:android.intent.category.LAUNCHER
ADDED from src/main/AndroidManifest.xml:64:13-68:29
action#android.intent.action.MAIN
ADDED from src/main/AndroidManifest.xml:65:17-68
	android:name
		ADDED from src/main/AndroidManifest.xml:65:25-66
category#android.intent.category.LAUNCHER
ADDED from src/main/AndroidManifest.xml:67:17-76
	android:name
		ADDED from src/main/AndroidManifest.xml:67:27-74
activity#gionee.gnservice.app.view.activity.SplashSubActivity
ADDED from src/main/AndroidManifest.xml:70:9-81:20
	android:screenOrientation
		ADDED from src/main/AndroidManifest.xml:74:17-53
	android:label
		ADDED from src/main/AndroidManifest.xml:73:17-56
	android:icon
		ADDED from src/main/AndroidManifest.xml:72:17-55
	android:theme
		ADDED from src/main/AndroidManifest.xml:75:17-52
	android:name
		ADDED from src/main/AndroidManifest.xml:71:17-64
activity#gionee.gnservice.app.view.activity.SplashRunActivity
ADDED from src/main/AndroidManifest.xml:82:9-85:54
	android:screenOrientation
		ADDED from src/main/AndroidManifest.xml:84:17-53
	android:theme
		ADDED from src/main/AndroidManifest.xml:85:17-52
	android:name
		ADDED from src/main/AndroidManifest.xml:83:17-64
activity#gionee.gnservice.app.view.activity.MainActivity
ADDED from src/main/AndroidManifest.xml:86:9-102:20
	android:screenOrientation
		ADDED from src/main/AndroidManifest.xml:90:17-53
	android:launchMode
		ADDED from src/main/AndroidManifest.xml:89:17-48
	android:configChanges
		ADDED from src/main/AndroidManifest.xml:88:17-78
	android:theme
		ADDED from src/main/AndroidManifest.xml:91:17-49
	android:name
		ADDED from src/main/AndroidManifest.xml:87:17-59
intent-filter#action:name:com.gionee.gnservice.WelcomActivity+category:name:android.intent.category.DEFAULT
ADDED from src/main/AndroidManifest.xml:92:13-96:29
action#com.gionee.gnservice.WelcomActivity
ADDED from src/main/AndroidManifest.xml:93:17-77
	android:name
		ADDED from src/main/AndroidManifest.xml:93:25-75
intent-filter#action:name:com.gionee.gnservice.GNServiceActivity+category:name:android.intent.category.DEFAULT
ADDED from src/main/AndroidManifest.xml:97:13-101:29
action#com.gionee.gnservice.GNServiceActivity
ADDED from src/main/AndroidManifest.xml:98:17-80
	android:name
		ADDED from src/main/AndroidManifest.xml:98:25-78
activity#gionee.gnservice.app.view.activity.GameActivity
ADDED from src/main/AndroidManifest.xml:103:9-63
	android:name
		ADDED from src/main/AndroidManifest.xml:103:19-61
activity#gionee.gnservice.app.view.activity.VideoDetailsActivity
ADDED from src/main/AndroidManifest.xml:104:9-106:55
	android:screenOrientation
		ADDED from src/main/AndroidManifest.xml:106:17-53
	android:name
		ADDED from src/main/AndroidManifest.xml:105:17-67
activity#gionee.gnservice.app.view.activity.WebActivity
ADDED from src/main/AndroidManifest.xml:107:9-109:55
	android:screenOrientation
		ADDED from src/main/AndroidManifest.xml:109:17-53
	android:name
		ADDED from src/main/AndroidManifest.xml:108:17-58
activity#gionee.gnservice.app.view.activity.RedPackageActivity
ADDED from src/main/AndroidManifest.xml:110:9-113:51
	android:screenOrientation
		ADDED from src/main/AndroidManifest.xml:111:17-53
	android:theme
		ADDED from src/main/AndroidManifest.xml:113:17-49
	android:name
		ADDED from src/main/AndroidManifest.xml:112:17-65
uses-sdk
INJECTED from src/main/AndroidManifest.xml reason: use-sdk injection requested
INJECTED from src/main/AndroidManifest.xml
INJECTED from src/main/AndroidManifest.xml
MERGED from [:base] AndroidManifest.xml:7:5-9:41
MERGED from [:base] AndroidManifest.xml:7:5-9:41
MERGED from [com.android.databinding:adapters:3.2.1] AndroidManifest.xml:22:5-44
MERGED from [com.android.databinding:adapters:3.2.1] AndroidManifest.xml:22:5-44
MERGED from [com.android.databinding:library:3.2.1] AndroidManifest.xml:22:5-44
MERGED from [com.android.databinding:library:3.2.1] AndroidManifest.xml:22:5-44
MERGED from [:amigo-app] AndroidManifest.xml:7:5-9:41
MERGED from [:amigo-app] AndroidManifest.xml:7:5-9:41